<?xml version="1.0" encoding="UTF-8"?>
<!-- Generated by org.testng.reporters.JUnitXMLReporter -->
<testsuite ignored="0" hostname="C17D92BBML7H" failures="0" tests="2" name="Default test" time="4.545" errors="0" timestamp="04 Nov 2022 18:54:03 GMT">
  <testcase classname="com.amazon.qa.tests.LoginTest" name="@BeforeMethod setUp" time="4.508">
    <failure type="org.openqa.selenium.SessionNotCreatedException" message="session not created: This version of ChromeDriver only supports Chrome version 105
Current browser version is 107.0.5304.87 with binary path /Applications/Google Chrome.app/Contents/MacOS/Google Chrome
Build info: version: &amp;apos;3.141.59&amp;apos;, revision: &amp;apos;e82be7d358&amp;apos;, time: &amp;apos;2018-11-14T08:17:03&amp;apos;
System info: host: &amp;apos;C17D92BBML7H&amp;apos;, ip: &amp;apos;2402:e280:3e75:f:b4ae:9bbd:8d2a:28de%en0&amp;apos;, os.name: &amp;apos;Mac OS X&amp;apos;, os.arch: &amp;apos;x86_64&amp;apos;, os.version: &amp;apos;12.6&amp;apos;, java.version: &amp;apos;17.0.2&amp;apos;
Driver info: driver.version: ChromeDriver
remote stacktrace: 0   chromedriver                        0x00000001085da788 chromedriver + 4515720
1   chromedriver                        0x000000010855e9d3 chromedriver + 4008403
2   chromedriver                        0x00000001081f112a chromedriver + 413994
3   chromedriver                        0x000000010821961c chromedriver + 579100
4   chromedriver                        0x0000000108214f8b chromedriver + 561035
5   chromedriver                        0x0000000108210fd3 chromedriver + 544723
6   chromedriver                        0x000000010824b68e chromedriver + 784014
7   chromedriver                        0x0000000108245603 chromedriver + 759299
8   chromedriver                        0x000000010821b990 chromedriver + 588176
9   chromedriver                        0x000000010821ca75 chromedriver + 592501
10  chromedriver                        0x00000001085aa6cd chromedriver + 4318925
11  chromedriver                        0x00000001085aef35 chromedriver + 4337461
12  chromedriver                        0x00000001085b61ff chromedriver + 4366847
13  chromedriver                        0x00000001085afc5a chromedriver + 4340826
14  chromedriver                        0x0000000108585c2c chromedriver + 4168748
15  chromedriver                        0x00000001085cc4f8 chromedriver + 4457720
16  chromedriver                        0x00000001085cc693 chromedriver + 4458131
17  chromedriver                        0x00000001085e1a3e chromedriver + 4545086
18  libsystem_pthread.dylib             0x00007ff8060934e1 _pthread_start + 125
19  libsystem_pthread.dylib             0x00007ff80608ef6b thread_start + 15
">
      <![CDATA[org.openqa.selenium.SessionNotCreatedException: session not created: This version of ChromeDriver only supports Chrome version 105
Current browser version is 107.0.5304.87 with binary path /Applications/Google Chrome.app/Contents/MacOS/Google Chrome
Build info: version: '3.141.59', revision: 'e82be7d358', time: '2018-11-14T08:17:03'
System info: host: 'C17D92BBML7H', ip: '2402:e280:3e75:f:b4ae:9bbd:8d2a:28de%en0', os.name: 'Mac OS X', os.arch: 'x86_64', os.version: '12.6', java.version: '17.0.2'
Driver info: driver.version: ChromeDriver
remote stacktrace: 0   chromedriver                        0x00000001085da788 chromedriver + 4515720
1   chromedriver                        0x000000010855e9d3 chromedriver + 4008403
2   chromedriver                        0x00000001081f112a chromedriver + 413994
3   chromedriver                        0x000000010821961c chromedriver + 579100
4   chromedriver                        0x0000000108214f8b chromedriver + 561035
5   chromedriver                        0x0000000108210fd3 chromedriver + 544723
6   chromedriver                        0x000000010824b68e chromedriver + 784014
7   chromedriver                        0x0000000108245603 chromedriver + 759299
8   chromedriver                        0x000000010821b990 chromedriver + 588176
9   chromedriver                        0x000000010821ca75 chromedriver + 592501
10  chromedriver                        0x00000001085aa6cd chromedriver + 4318925
11  chromedriver                        0x00000001085aef35 chromedriver + 4337461
12  chromedriver                        0x00000001085b61ff chromedriver + 4366847
13  chromedriver                        0x00000001085afc5a chromedriver + 4340826
14  chromedriver                        0x0000000108585c2c chromedriver + 4168748
15  chromedriver                        0x00000001085cc4f8 chromedriver + 4457720
16  chromedriver                        0x00000001085cc693 chromedriver + 4458131
17  chromedriver                        0x00000001085e1a3e chromedriver + 4545086
18  libsystem_pthread.dylib             0x00007ff8060934e1 _pthread_start + 125
19  libsystem_pthread.dylib             0x00007ff80608ef6b thread_start + 15

at java.base/jdk.internal.reflect.NativeConstructorAccessorImpl.newInstance0(Native Method)
at java.base/jdk.internal.reflect.NativeConstructorAccessorImpl.newInstance(NativeConstructorAccessorImpl.java:77)
at java.base/jdk.internal.reflect.DelegatingConstructorAccessorImpl.newInstance(DelegatingConstructorAccessorImpl.java:45)
at java.base/java.lang.reflect.Constructor.newInstanceWithCaller(Constructor.java:499)
at java.base/java.lang.reflect.Constructor.newInstance(Constructor.java:480)
at org.openqa.selenium.remote.W3CHandshakeResponse.lambda$errorHandler$0(W3CHandshakeResponse.java:62)
at org.openqa.selenium.remote.HandshakeResponse.lambda$getResponseFunction$0(HandshakeResponse.java:30)
at org.openqa.selenium.remote.ProtocolHandshake.lambda$createSession$0(ProtocolHandshake.java:126)
at java.base/java.util.stream.ReferencePipeline$3$1.accept(ReferencePipeline.java:197)
at java.base/java.util.Spliterators$ArraySpliterator.tryAdvance(Spliterators.java:1002)
at java.base/java.util.stream.ReferencePipeline.forEachWithCancel(ReferencePipeline.java:129)
at java.base/java.util.stream.AbstractPipeline.copyIntoWithCancel(AbstractPipeline.java:527)
at java.base/java.util.stream.AbstractPipeline.copyInto(AbstractPipeline.java:513)
at java.base/java.util.stream.AbstractPipeline.wrapAndCopyInto(AbstractPipeline.java:499)
at java.base/java.util.stream.FindOps$FindOp.evaluateSequential(FindOps.java:150)
at java.base/java.util.stream.AbstractPipeline.evaluate(AbstractPipeline.java:234)
at java.base/java.util.stream.ReferencePipeline.findFirst(ReferencePipeline.java:647)
at org.openqa.selenium.remote.ProtocolHandshake.createSession(ProtocolHandshake.java:128)
at org.openqa.selenium.remote.ProtocolHandshake.createSession(ProtocolHandshake.java:74)
at org.openqa.selenium.remote.HttpCommandExecutor.execute(HttpCommandExecutor.java:136)
at org.openqa.selenium.remote.service.DriverCommandExecutor.execute(DriverCommandExecutor.java:83)
at org.openqa.selenium.remote.RemoteWebDriver.execute(RemoteWebDriver.java:552)
at org.openqa.selenium.remote.RemoteWebDriver.startSession(RemoteWebDriver.java:213)
at org.openqa.selenium.remote.RemoteWebDriver.<init>(RemoteWebDriver.java:131)
at org.openqa.selenium.chrome.ChromeDriver.<init>(ChromeDriver.java:181)
at org.openqa.selenium.chrome.ChromeDriver.<init>(ChromeDriver.java:168)
at org.openqa.selenium.chrome.ChromeDriver.<init>(ChromeDriver.java:123)
at TestSetup.TestBase.initialization(TestBase.java:43)
at com.amazon.qa.tests.LoginTest.setUp(LoginTest.java:31)
at java.base/jdk.internal.reflect.NativeMethodAccessorImpl.invoke0(Native Method)
at java.base/jdk.internal.reflect.NativeMethodAccessorImpl.invoke(NativeMethodAccessorImpl.java:77)
at java.base/jdk.internal.reflect.DelegatingMethodAccessorImpl.invoke(DelegatingMethodAccessorImpl.java:43)
at java.base/java.lang.reflect.Method.invoke(Method.java:568)
at org.testng.internal.MethodInvocationHelper.invokeMethod(MethodInvocationHelper.java:124)
at org.testng.internal.MethodInvocationHelper.invokeMethodConsideringTimeout(MethodInvocationHelper.java:59)
at org.testng.internal.Invoker.invokeConfigurationMethod(Invoker.java:458)
at org.testng.internal.Invoker.invokeConfigurations(Invoker.java:222)
at org.testng.internal.Invoker.invokeMethod(Invoker.java:523)
at org.testng.internal.Invoker.invokeTestMethod(Invoker.java:719)
at org.testng.internal.Invoker.invokeTestMethods(Invoker.java:989)
at org.testng.internal.TestMethodWorker.invokeTestMethods(TestMethodWorker.java:125)
at org.testng.internal.TestMethodWorker.run(TestMethodWorker.java:109)
at org.testng.TestRunner.privateRun(TestRunner.java:648)
at org.testng.TestRunner.run(TestRunner.java:505)
at org.testng.SuiteRunner.runTest(SuiteRunner.java:455)
at org.testng.SuiteRunner.runSequentially(SuiteRunner.java:450)
at org.testng.SuiteRunner.privateRun(SuiteRunner.java:415)
at org.testng.SuiteRunner.run(SuiteRunner.java:364)
at org.testng.SuiteRunnerWorker.runSuite(SuiteRunnerWorker.java:52)
at org.testng.SuiteRunnerWorker.run(SuiteRunnerWorker.java:84)
at org.testng.TestNG.runSuitesSequentially(TestNG.java:1208)
at org.testng.TestNG.runSuitesLocally(TestNG.java:1137)
at org.testng.TestNG.runSuites(TestNG.java:1049)
at org.testng.TestNG.run(TestNG.java:1017)
at org.testng.remote.AbstractRemoteTestNG.run(AbstractRemoteTestNG.java:115)
at org.testng.remote.RemoteTestNG.initAndRun(RemoteTestNG.java:251)
at org.testng.remote.RemoteTestNG.main(RemoteTestNG.java:77)
]]>
    </failure>
  </testcase> <!-- @BeforeMethod setUp -->
  <testcase classname="com.amazon.qa.tests.LoginTest" name="@AfterMethod tearDown" time="0.0">
    <skipped/>
  </testcase> <!-- @AfterMethod tearDown -->
  <testcase classname="com.amazon.qa.tests.LoginTest" name="@BeforeMethod setUp" time="0.0">
    <skipped/>
  </testcase> <!-- @BeforeMethod setUp -->
  <testcase classname="com.amazon.qa.tests.LoginTest" name="@AfterMethod tearDown" time="0.0">
    <skipped/>
  </testcase> <!-- @AfterMethod tearDown -->
  <testcase classname="com.amazon.qa.tests.LoginTest" name="homePageTitle" time="0.0">
    <skipped/>
  </testcase> <!-- homePageTitle -->
  <testcase classname="com.amazon.qa.tests.LoginTest" name="loginTest" time="0.0">
    <skipped/>
  </testcase> <!-- loginTest -->
</testsuite> <!-- Default test -->
